This file contains any messages produced by compilers while
running configure, to aid debugging if configure makes a mistake.

It was created by configure, which was
generated by GNU Autoconf 2.59.  Invocation command line was

  $ ./configure 

## --------- ##
## Platform. ##
## --------- ##

hostname = pto1111
uname -m = i686
uname -r = 2.6.8-1.521
uname -s = Linux
uname -v = #1 Mon Aug 16 09:01:18 EDT 2004

/usr/bin/uname -p = unknown
/bin/uname -X     = unknown

/bin/arch              = i686
/usr/bin/arch -k       = unknown
/usr/convex/getsysinfo = unknown
hostinfo               = unknown
/bin/machine           = unknown
/usr/bin/oslevel       = unknown
/bin/universe          = unknown

PATH: /usr/global/intel/fortran/compiler70/ia32/bin
PATH: /usr/global/intel/cc/compiler70/ia32/bin
PATH: /usr/kerberos/bin
PATH: /usr/global/intel/fortran/compiler70/ia32/bin
PATH: /usr/global/intel/cc/compiler70/ia32/bin
PATH: /usr/local/bin
PATH: /usr/bin
PATH: /bin
PATH: /usr/X11R6/bin
PATH: /usr/local/java/jdk/bin
PATH: /usr/local/SICStus/bin
PATH: /usr/global/bin
PATH: /usr/global/sbin
PATH: /home/cuentas/50119517/bin
PATH: /usr/local/java/jdk/bin
PATH: /usr/local/SICStus/bin
PATH: /usr/global/bin
PATH: /usr/global/sbin


## ----------- ##
## Core tests. ##
## ----------- ##

configure:1539: checking for a BSD-compatible install
configure:1594: result: /usr/bin/install -c
configure:1605: checking whether build environment is sane
configure:1648: result: yes
configure:1705: checking for gawk
configure:1721: found /usr/bin/gawk
configure:1731: result: gawk
configure:1741: checking whether make sets $(MAKE)
configure:1761: result: yes
configure:1940: checking for style of include used by make
configure:1968: result: GNU
configure:2039: checking for gcc
configure:2055: found /usr/bin/gcc
configure:2065: result: gcc
configure:2309: checking for C compiler version
configure:2312: gcc --version </dev/null >&5
gcc (GCC) 3.3.3 20040412 (Red Hat Linux 3.3.3-7)
Copyright (C) 2003 Free Software Foundation, Inc.
This is free software; see the source for copying conditions.  There is NO
warranty; not even for MERCHANTABILITY or FITNESS FOR A PARTICULAR PURPOSE.

configure:2315: $? = 0
configure:2317: gcc -v </dev/null >&5
Reading specs from /usr/lib/gcc-lib/i386-redhat-linux/3.3.3/specs
Configured with: ../configure --prefix=/usr --mandir=/usr/share/man --infodir=/usr/share/info --enable-shared --enable-threads=posix --disable-checking --disable-libunwind-exceptions --with-system-zlib --enable-__cxa_atexit --host=i386-redhat-linux
Thread model: posix
gcc version 3.3.3 20040412 (Red Hat Linux 3.3.3-7)
configure:2320: $? = 0
configure:2322: gcc -V </dev/null >&5
gcc: `-V' option must have argument
configure:2325: $? = 1
configure:2348: checking for C compiler default output file name
configure:2351: gcc    conftest.c  >&5
configure:2354: $? = 0
configure:2400: result: a.out
configure:2405: checking whether the C compiler works
configure:2411: ./a.out
configure:2414: $? = 0
configure:2431: result: yes
configure:2438: checking whether we are cross compiling
configure:2440: result: no
configure:2443: checking for suffix of executables
configure:2445: gcc -o conftest    conftest.c  >&5
configure:2448: $? = 0
configure:2473: result: 
configure:2479: checking for suffix of object files
configure:2500: gcc -c   conftest.c >&5
configure:2503: $? = 0
configure:2525: result: o
configure:2529: checking whether we are using the GNU C compiler
configure:2553: gcc -c   conftest.c >&5
configure:2559: $? = 0
configure:2563: test -z 
			 || test ! -s conftest.err
configure:2566: $? = 0
configure:2569: test -s conftest.o
configure:2572: $? = 0
configure:2585: result: yes
configure:2591: checking whether gcc accepts -g
configure:2612: gcc -c -g  conftest.c >&5
configure:2618: $? = 0
configure:2622: test -z 
			 || test ! -s conftest.err
configure:2625: $? = 0
configure:2628: test -s conftest.o
configure:2631: $? = 0
configure:2642: result: yes
configure:2659: checking for gcc option to accept ANSI C
configure:2729: gcc  -c -g -O2  conftest.c >&5
configure:2735: $? = 0
configure:2739: test -z 
			 || test ! -s conftest.err
configure:2742: $? = 0
configure:2745: test -s conftest.o
configure:2748: $? = 0
configure:2766: result: none needed
configure:2784: gcc -c -g -O2  conftest.c >&5
conftest.c:2: error: syntax error before "me"
configure:2790: $? = 1
configure: failed program was:
| #ifndef __cplusplus
|   choke me
| #endif
configure:2925: checking dependency style of gcc
configure:3010: result: gcc3
configure:3028: checking for library containing strerror
configure:3058: gcc -o conftest -g -O2   conftest.c  >&5
configure:3064: $? = 0
configure:3068: test -z 
			 || test ! -s conftest.err
configure:3071: $? = 0
configure:3074: test -s conftest
configure:3077: $? = 0
configure:3147: result: none required
configure:3202: checking for gcc
configure:3228: result: gcc
configure:3472: checking for C compiler version
configure:3475: gcc --version </dev/null >&5
gcc (GCC) 3.3.3 20040412 (Red Hat Linux 3.3.3-7)
Copyright (C) 2003 Free Software Foundation, Inc.
This is free software; see the source for copying conditions.  There is NO
warranty; not even for MERCHANTABILITY or FITNESS FOR A PARTICULAR PURPOSE.

configure:3478: $? = 0
configure:3480: gcc -v </dev/null >&5
Reading specs from /usr/lib/gcc-lib/i386-redhat-linux/3.3.3/specs
Configured with: ../configure --prefix=/usr --mandir=/usr/share/man --infodir=/usr/share/info --enable-shared --enable-threads=posix --disable-checking --disable-libunwind-exceptions --with-system-zlib --enable-__cxa_atexit --host=i386-redhat-linux
Thread model: posix
gcc version 3.3.3 20040412 (Red Hat Linux 3.3.3-7)
configure:3483: $? = 0
configure:3485: gcc -V </dev/null >&5
gcc: `-V' option must have argument
configure:3488: $? = 1
configure:3491: checking whether we are using the GNU C compiler
configure:3547: result: yes
configure:3553: checking whether gcc accepts -g
configure:3604: result: yes
configure:3621: checking for gcc option to accept ANSI C
configure:3728: result: none needed
configure:3746: gcc -c   conftest.c >&5
conftest.c:2: error: syntax error before "me"
configure:3752: $? = 1
configure: failed program was:
| #ifndef __cplusplus
|   choke me
| #endif
configure:3887: checking dependency style of gcc
configure:3972: result: gcc3
configure:4035: checking for gcc
configure:4061: result: gcc
configure:4305: checking for C compiler version
configure:4308: gcc --version </dev/null >&5
gcc (GCC) 3.3.3 20040412 (Red Hat Linux 3.3.3-7)
Copyright (C) 2003 Free Software Foundation, Inc.
This is free software; see the source for copying conditions.  There is NO
warranty; not even for MERCHANTABILITY or FITNESS FOR A PARTICULAR PURPOSE.

configure:4311: $? = 0
configure:4313: gcc -v </dev/null >&5
Reading specs from /usr/lib/gcc-lib/i386-redhat-linux/3.3.3/specs
Configured with: ../configure --prefix=/usr --mandir=/usr/share/man --infodir=/usr/share/info --enable-shared --enable-threads=posix --disable-checking --disable-libunwind-exceptions --with-system-zlib --enable-__cxa_atexit --host=i386-redhat-linux
Thread model: posix
gcc version 3.3.3 20040412 (Red Hat Linux 3.3.3-7)
configure:4316: $? = 0
configure:4318: gcc -V </dev/null >&5
gcc: `-V' option must have argument
configure:4321: $? = 1
configure:4324: checking whether we are using the GNU C compiler
configure:4380: result: yes
configure:4386: checking whether gcc accepts -g
configure:4437: result: yes
configure:4454: checking for gcc option to accept ANSI C
configure:4561: result: none needed
configure:4579: gcc -c   conftest.c >&5
conftest.c:2: error: syntax error before "me"
configure:4585: $? = 1
configure: failed program was:
| #ifndef __cplusplus
|   choke me
| #endif
configure:4720: checking dependency style of gcc
configure:4805: result: gcc3
configure:4830: checking how to run the C preprocessor
configure:4865: gcc -E  conftest.c
configure:4871: $? = 0
configure:4903: gcc -E  conftest.c
conftest.c:11:28: ac_nonexistent.h: No such file or directory
configure:4909: $? = 1
configure: failed program was:
| /* confdefs.h.  */
| 
| #define PACKAGE_NAME ""
| #define PACKAGE_TARNAME ""
| #define PACKAGE_VERSION ""
| #define PACKAGE_STRING ""
| #define PACKAGE_BUGREPORT ""
| #define PACKAGE "plugin_nulo_gtk"
| #define VERSION "0.1"
| /* end confdefs.h.  */
| #include <ac_nonexistent.h>
configure:4948: result: gcc -E
configure:4972: gcc -E  conftest.c
configure:4978: $? = 0
configure:5010: gcc -E  conftest.c
conftest.c:11:28: ac_nonexistent.h: No such file or directory
configure:5016: $? = 1
configure: failed program was:
| /* confdefs.h.  */
| 
| #define PACKAGE_NAME ""
| #define PACKAGE_TARNAME ""
| #define PACKAGE_VERSION ""
| #define PACKAGE_STRING ""
| #define PACKAGE_BUGREPORT ""
| #define PACKAGE "plugin_nulo_gtk"
| #define VERSION "0.1"
| /* end confdefs.h.  */
| #include <ac_nonexistent.h>
configure:5060: checking for egrep
configure:5070: result: grep -E
configure:5075: checking for ANSI C header files
configure:5100: gcc -c   conftest.c >&5
configure:5106: $? = 0
configure:5110: test -z 
			 || test ! -s conftest.err
configure:5113: $? = 0
configure:5116: test -s conftest.o
configure:5119: $? = 0
configure:5205: gcc -o conftest    conftest.c  >&5
configure:5208: $? = 0
configure:5210: ./conftest
configure:5213: $? = 0
configure:5228: result: yes
configure:5316: checking build system type
configure:5334: result: i686-redhat-linux-gnu
configure:5342: checking host system type
configure:5356: result: i686-redhat-linux-gnu
configure:5364: checking for a sed that does not truncate output
configure:5418: result: /bin/sed
configure:5432: checking for ld used by gcc
configure:5499: result: /usr/bin/ld
configure:5508: checking if the linker (/usr/bin/ld) is GNU ld
configure:5523: result: yes
configure:5528: checking for /usr/bin/ld option to reload object files
configure:5535: result: -r
configure:5544: checking for BSD-compatible nm
configure:5586: result: /usr/bin/nm -B
configure:5590: checking whether ln -s works
configure:5594: result: yes
configure:5601: checking how to recognise dependent libraries
configure:5784: result: pass_all
configure:6006: checking for sys/types.h
configure:6022: gcc -c   conftest.c >&5
configure:6028: $? = 0
configure:6032: test -z 
			 || test ! -s conftest.err
configure:6035: $? = 0
configure:6038: test -s conftest.o
configure:6041: $? = 0
configure:6052: result: yes
configure:6006: checking for sys/stat.h
configure:6022: gcc -c   conftest.c >&5
configure:6028: $? = 0
configure:6032: test -z 
			 || test ! -s conftest.err
configure:6035: $? = 0
configure:6038: test -s conftest.o
configure:6041: $? = 0
configure:6052: result: yes
configure:6006: checking for stdlib.h
configure:6022: gcc -c   conftest.c >&5
configure:6028: $? = 0
configure:6032: test -z 
			 || test ! -s conftest.err
configure:6035: $? = 0
configure:6038: test -s conftest.o
configure:6041: $? = 0
configure:6052: result: yes
configure:6006: checking for string.h
configure:6022: gcc -c   conftest.c >&5
configure:6028: $? = 0
configure:6032: test -z 
			 || test ! -s conftest.err
configure:6035: $? = 0
configure:6038: test -s conftest.o
configure:6041: $? = 0
configure:6052: result: yes
configure:6006: checking for memory.h
configure:6022: gcc -c   conftest.c >&5
configure:6028: $? = 0
configure:6032: test -z 
			 || test ! -s conftest.err
configure:6035: $? = 0
configure:6038: test -s conftest.o
configure:6041: $? = 0
configure:6052: result: yes
configure:6006: checking for strings.h
configure:6022: gcc -c   conftest.c >&5
configure:6028: $? = 0
configure:6032: test -z 
			 || test ! -s conftest.err
configure:6035: $? = 0
configure:6038: test -s conftest.o
configure:6041: $? = 0
configure:6052: result: yes
configure:6006: checking for inttypes.h
configure:6022: gcc -c   conftest.c >&5
configure:6028: $? = 0
configure:6032: test -z 
			 || test ! -s conftest.err
configure:6035: $? = 0
configure:6038: test -s conftest.o
configure:6041: $? = 0
configure:6052: result: yes
configure:6006: checking for stdint.h
configure:6022: gcc -c   conftest.c >&5
configure:6028: $? = 0
configure:6032: test -z 
			 || test ! -s conftest.err
configure:6035: $? = 0
configure:6038: test -s conftest.o
configure:6041: $? = 0
configure:6052: result: yes
configure:6006: checking for unistd.h
configure:6022: gcc -c   conftest.c >&5
configure:6028: $? = 0
configure:6032: test -z 
			 || test ! -s conftest.err
configure:6035: $? = 0
configure:6038: test -s conftest.o
configure:6041: $? = 0
configure:6052: result: yes
configure:6078: checking dlfcn.h usability
configure:6090: gcc -c   conftest.c >&5
configure:6096: $? = 0
configure:6100: test -z 
			 || test ! -s conftest.err
configure:6103: $? = 0
configure:6106: test -s conftest.o
configure:6109: $? = 0
configure:6119: result: yes
configure:6123: checking dlfcn.h presence
configure:6133: gcc -E  conftest.c
configure:6139: $? = 0
configure:6159: result: yes
configure:6194: checking for dlfcn.h
configure:6201: result: yes
configure:6266: checking for g++
configure:6282: found /usr/bin/g++
configure:6292: result: g++
configure:6308: checking for C++ compiler version
configure:6311: g++ --version </dev/null >&5
g++ (GCC) 3.3.3 20040412 (Red Hat Linux 3.3.3-7)
Copyright (C) 2003 Free Software Foundation, Inc.
This is free software; see the source for copying conditions.  There is NO
warranty; not even for MERCHANTABILITY or FITNESS FOR A PARTICULAR PURPOSE.

configure:6314: $? = 0
configure:6316: g++ -v </dev/null >&5
Reading specs from /usr/lib/gcc-lib/i386-redhat-linux/3.3.3/specs
Configured with: ../configure --prefix=/usr --mandir=/usr/share/man --infodir=/usr/share/info --enable-shared --enable-threads=posix --disable-checking --disable-libunwind-exceptions --with-system-zlib --enable-__cxa_atexit --host=i386-redhat-linux
Thread model: posix
gcc version 3.3.3 20040412 (Red Hat Linux 3.3.3-7)
configure:6319: $? = 0
configure:6321: g++ -V </dev/null >&5
g++: `-V' option must have argument
configure:6324: $? = 1
configure:6327: checking whether we are using the GNU C++ compiler
configure:6351: g++ -c   conftest.cc >&5
configure:6357: $? = 0
configure:6361: test -z 
			 || test ! -s conftest.err
configure:6364: $? = 0
configure:6367: test -s conftest.o
configure:6370: $? = 0
configure:6383: result: yes
configure:6389: checking whether g++ accepts -g
configure:6410: g++ -c -g  conftest.cc >&5
configure:6416: $? = 0
configure:6420: test -z 
			 || test ! -s conftest.err
configure:6423: $? = 0
configure:6426: test -s conftest.o
configure:6429: $? = 0
configure:6440: result: yes
configure:6482: g++ -c -g -O2  conftest.cc >&5
configure:6488: $? = 0
configure:6492: test -z 
			 || test ! -s conftest.err
configure:6495: $? = 0
configure:6498: test -s conftest.o
configure:6501: $? = 0
configure:6527: g++ -c -g -O2  conftest.cc >&5
conftest.cc: In function `int main()':
conftest.cc:26: error: `exit' undeclared (first use this function)
conftest.cc:26: error: (Each undeclared identifier is reported only once for 
   each function it appears in.)
configure:6533: $? = 1
configure: failed program was:
| /* confdefs.h.  */
| 
| #define PACKAGE_NAME ""
| #define PACKAGE_TARNAME ""
| #define PACKAGE_VERSION ""
| #define PACKAGE_STRING ""
| #define PACKAGE_BUGREPORT ""
| #define PACKAGE "plugin_nulo_gtk"
| #define VERSION "0.1"
| #define STDC_HEADERS 1
| #define HAVE_SYS_TYPES_H 1
| #define HAVE_SYS_STAT_H 1
| #define HAVE_STDLIB_H 1
| #define HAVE_STRING_H 1
| #define HAVE_MEMORY_H 1
| #define HAVE_STRINGS_H 1
| #define HAVE_INTTYPES_H 1
| #define HAVE_STDINT_H 1
| #define HAVE_UNISTD_H 1
| #define HAVE_DLFCN_H 1
| /* end confdefs.h.  */
| 
| int
| main ()
| {
| exit (42);
|   ;
|   return 0;
| }
configure:6482: g++ -c -g -O2  conftest.cc >&5
configure:6488: $? = 0
configure:6492: test -z 
			 || test ! -s conftest.err
configure:6495: $? = 0
configure:6498: test -s conftest.o
configure:6501: $? = 0
configure:6527: g++ -c -g -O2  conftest.cc >&5
configure:6533: $? = 0
configure:6537: test -z 
			 || test ! -s conftest.err
configure:6540: $? = 0
configure:6543: test -s conftest.o
configure:6546: $? = 0
configure:6571: checking dependency style of g++
configure:6656: result: gcc3
configure:6678: checking how to run the C++ preprocessor
configure:6709: g++ -E  conftest.cc
configure:6715: $? = 0
configure:6747: g++ -E  conftest.cc
conftest.cc:25:28: ac_nonexistent.h: No such file or directory
configure:6753: $? = 1
configure: failed program was:
| /* confdefs.h.  */
| 
| #define PACKAGE_NAME ""
| #define PACKAGE_TARNAME ""
| #define PACKAGE_VERSION ""
| #define PACKAGE_STRING ""
| #define PACKAGE_BUGREPORT ""
| #define PACKAGE "plugin_nulo_gtk"
| #define VERSION "0.1"
| #define STDC_HEADERS 1
| #define HAVE_SYS_TYPES_H 1
| #define HAVE_SYS_STAT_H 1
| #define HAVE_STDLIB_H 1
| #define HAVE_STRING_H 1
| #define HAVE_MEMORY_H 1
| #define HAVE_STRINGS_H 1
| #define HAVE_INTTYPES_H 1
| #define HAVE_STDINT_H 1
| #define HAVE_UNISTD_H 1
| #define HAVE_DLFCN_H 1
| #ifdef __cplusplus
| extern "C" void std::exit (int) throw (); using std::exit;
| #endif
| /* end confdefs.h.  */
| #include <ac_nonexistent.h>
configure:6792: result: g++ -E
configure:6816: g++ -E  conftest.cc
configure:6822: $? = 0
configure:6854: g++ -E  conftest.cc
conftest.cc:25:28: ac_nonexistent.h: No such file or directory
configure:6860: $? = 1
configure: failed program was:
| /* confdefs.h.  */
| 
| #define PACKAGE_NAME ""
| #define PACKAGE_TARNAME ""
| #define PACKAGE_VERSION ""
| #define PACKAGE_STRING ""
| #define PACKAGE_BUGREPORT ""
| #define PACKAGE "plugin_nulo_gtk"
| #define VERSION "0.1"
| #define STDC_HEADERS 1
| #define HAVE_SYS_TYPES_H 1
| #define HAVE_SYS_STAT_H 1
| #define HAVE_STDLIB_H 1
| #define HAVE_STRING_H 1
| #define HAVE_MEMORY_H 1
| #define HAVE_STRINGS_H 1
| #define HAVE_INTTYPES_H 1
| #define HAVE_STDINT_H 1
| #define HAVE_UNISTD_H 1
| #define HAVE_DLFCN_H 1
| #ifdef __cplusplus
| extern "C" void std::exit (int) throw (); using std::exit;
| #endif
| /* end confdefs.h.  */
| #include <ac_nonexistent.h>
configure:6955: checking for g77
configure:6971: found /usr/bin/g77
configure:6981: result: g77
configure:6999: checking for Fortran 77 compiler version
configure:6999: g77 --version </dev/null >&5
GNU Fortran (GCC) 3.3.3 20040412 (Red Hat Linux 3.3.3-7)
Copyright (C) 2002 Free Software Foundation, Inc.

GNU Fortran comes with NO WARRANTY, to the extent permitted by law.
You may redistribute copies of GNU Fortran
under the terms of the GNU General Public License.
For more information about these matters, see the file named COPYING
or type the command `info -f g77 Copying'.
configure:7002: $? = 0
configure:7004: g77 -v </dev/null >&5
Reading specs from /usr/lib/gcc-lib/i386-redhat-linux/3.3.3/specs
Configured with: ../configure --prefix=/usr --mandir=/usr/share/man --infodir=/usr/share/info --enable-shared --enable-threads=posix --disable-checking --disable-libunwind-exceptions --with-system-zlib --enable-__cxa_atexit --host=i386-redhat-linux
Thread model: posix
gcc version 3.3.3 20040412 (Red Hat Linux 3.3.3-7)
configure:7007: $? = 0
configure:7009: g77 -V </dev/null >&5
g77: `-V' option must have argument
configure:7012: $? = 1
configure:7020: checking whether we are using the GNU Fortran 77 compiler
configure:7034: g77 -c  conftest.F >&5
configure:7040: $? = 0
configure:7044: test -z 
			 || test ! -s conftest.err
configure:7047: $? = 0
configure:7050: test -s conftest.o
configure:7053: $? = 0
configure:7066: result: yes
configure:7072: checking whether g77 accepts -g
configure:7084: g77 -c -g conftest.f >&5
configure:7090: $? = 0
configure:7094: test -z 
			 || test ! -s conftest.err
configure:7097: $? = 0
configure:7100: test -s conftest.o
configure:7103: $? = 0
configure:7115: result: yes
configure:7145: checking the maximum length of command line arguments
configure:7210: result: 32768
configure:7221: checking command to parse /usr/bin/nm -B output from gcc object
configure:7310: gcc -c   conftest.c >&5
configure:7313: $? = 0
configure:7317: /usr/bin/nm -B conftest.o \| sed -n -e 's/^.*[ 	]\([ABCDGIRSTW][ABCDGIRSTW]*\)[ 	][ 	]*\(\)\([_A-Za-z][_A-Za-z0-9]*\)$/\1 \2\3 \3/p' \> conftest.nm
configure:7320: $? = 0
configure:7372: gcc -o conftest    conftest.c conftstm.o >&5
configure:7375: $? = 0
configure:7413: result: ok
configure:7417: checking for objdir
configure:7432: result: .libs
configure:7522: checking for ar
configure:7538: found /usr/bin/ar
configure:7549: result: ar
configure:7602: checking for ranlib
configure:7618: found /usr/bin/ranlib
configure:7629: result: ranlib
configure:7682: checking for strip
configure:7698: found /usr/bin/strip
configure:7709: result: strip
configure:7971: checking if gcc static flag  works
configure:7994: result: yes
configure:8012: checking if gcc supports -fno-rtti -fno-exceptions
configure:8033: gcc -c   -fno-rtti -fno-exceptions conftest.c >&5
cc1: warning: "-fno-rtti" is valid for C++ but not for C/ObjC
configure:8037: $? = 0
configure:8045: result: no
configure:8060: checking for gcc option to produce PIC
configure:8237: result: -fPIC
configure:8245: checking if gcc PIC flag -fPIC works
configure:8266: gcc -c   -fPIC -DPIC conftest.c >&5
configure:8270: $? = 0
configure:8278: result: yes
configure:8302: checking if gcc supports -c -o file.o
configure:8326: gcc -c   -o out/conftest2.o conftest.c >&5
configure:8330: $? = 0
configure:8347: result: yes
configure:8373: checking whether the gcc linker (/usr/bin/ld) supports shared libraries
configure:9221: result: yes
configure:9247: checking whether -lc should be explicitly linked in
configure:9252: gcc -c   conftest.c >&5
configure:9255: $? = 0
configure:9269: gcc -shared conftest.o  -v -Wl,-soname -Wl,conftest -o conftest 2\>\&1 \| grep  -lc  \>/dev/null 2\>\&1
configure:9272: $? = 0
configure:9284: result: no
configure:9292: checking dynamic linker characteristics
configure:9853: result: GNU/Linux ld.so
configure:9857: checking how to hardcode library paths into programs
configure:9882: result: immediate
configure:9896: checking whether stripping libraries is possible
configure:9901: result: yes
configure:10731: checking if libtool supports shared libraries
configure:10733: result: yes
configure:10736: checking whether to build shared libraries
configure:10794: result: yes
configure:10797: checking whether to build static libraries
configure:10801: result: yes
configure:10893: creating libtool
configure:11440: checking for ld used by g++
configure:11507: result: /usr/bin/ld
configure:11516: checking if the linker (/usr/bin/ld) is GNU ld
configure:11531: result: yes
configure:11582: checking whether the g++ linker (/usr/bin/ld) supports shared libraries
configure:12410: result: yes
configure:12428: g++ -c -g -O2  conftest.cc >&5
configure:12431: $? = 0
configure:12527: checking for g++ option to produce PIC
configure:12779: result: -fPIC
configure:12787: checking if g++ PIC flag -fPIC works
configure:12808: g++ -c -g -O2  -fPIC -DPIC conftest.cc >&5
configure:12812: $? = 0
configure:12820: result: yes
configure:12844: checking if g++ supports -c -o file.o
configure:12868: g++ -c -g -O2  -o out/conftest2.o conftest.cc >&5
configure:12872: $? = 0
configure:12889: result: yes
configure:12915: checking whether the g++ linker (/usr/bin/ld) supports shared libraries
configure:12940: result: yes
configure:13011: checking dynamic linker characteristics
configure:13572: result: GNU/Linux ld.so
configure:13576: checking how to hardcode library paths into programs
configure:13601: result: immediate
configure:13615: checking whether stripping libraries is possible
configure:13620: result: yes
configure:14927: checking if libtool supports shared libraries
configure:14929: result: yes
configure:14932: checking whether to build shared libraries
configure:14950: result: yes
configure:14953: checking whether to build static libraries
configure:14957: result: yes
configure:14969: checking for g77 option to produce PIC
configure:15146: result: -fPIC
configure:15154: checking if g77 PIC flag -fPIC works
configure:15175: g77 -c -g -O2 -fPIC conftest.f >&5
configure:15179: $? = 0
configure:15187: result: yes
configure:15211: checking if g77 supports -c -o file.o
configure:15235: g77 -c -g -O2 -o out/conftest2.o conftest.f >&5
configure:15239: $? = 0
configure:15256: result: yes
configure:15282: checking whether the g77 linker (/usr/bin/ld) supports shared libraries
configure:16110: result: yes
configure:16181: checking dynamic linker characteristics
configure:16742: result: GNU/Linux ld.so
configure:16746: checking how to hardcode library paths into programs
configure:16771: result: immediate
configure:16785: checking whether stripping libraries is possible
configure:16790: result: yes
configure:20949: checking for ranlib
configure:20976: result: ranlib
configure:20988: checking for an ANSI C-conforming const
configure:21055: gcc -c   conftest.c >&5
configure:21061: $? = 0
configure:21065: test -z 
			 || test ! -s conftest.err
configure:21068: $? = 0
configure:21071: test -s conftest.o
configure:21074: $? = 0
configure:21085: result: yes
configure:21095: checking for inline
configure:21116: gcc -c   conftest.c >&5
configure:21122: $? = 0
configure:21126: test -z 
			 || test ! -s conftest.err
configure:21129: $? = 0
configure:21132: test -s conftest.o
configure:21135: $? = 0
configure:21147: result: inline
configure:21166: checking for off_t
configure:21190: gcc -c   conftest.c >&5
configure:21196: $? = 0
configure:21200: test -z 
			 || test ! -s conftest.err
configure:21203: $? = 0
configure:21206: test -s conftest.o
configure:21209: $? = 0
configure:21220: result: yes
configure:21232: checking for size_t
configure:21256: gcc -c   conftest.c >&5
configure:21262: $? = 0
configure:21266: test -z 
			 || test ! -s conftest.err
configure:21269: $? = 0
configure:21272: test -s conftest.o
configure:21275: $? = 0
configure:21286: result: yes
configure:21300: checking for working alloca.h
configure:21321: gcc -o conftest    conftest.c  >&5
configure:21327: $? = 0
configure:21331: test -z 
			 || test ! -s conftest.err
configure:21334: $? = 0
configure:21337: test -s conftest
configure:21340: $? = 0
configure:21352: result: yes
configure:21362: checking for alloca
configure:21403: gcc -o conftest    conftest.c  >&5
configure:21409: $? = 0
configure:21413: test -z 
			 || test ! -s conftest.err
configure:21416: $? = 0
configure:21419: test -s conftest
configure:21422: $? = 0
configure:21434: result: yes
configure:21663: checking for stdlib.h
configure:21668: result: yes
configure:21663: checking for unistd.h
configure:21668: result: yes
configure:21812: checking for getpagesize
configure:21869: gcc -o conftest    conftest.c  >&5
configure:21875: $? = 0
configure:21879: test -z 
			 || test ! -s conftest.err
configure:21882: $? = 0
configure:21885: test -s conftest
configure:21888: $? = 0
configure:21900: result: yes
configure:21910: checking for working mmap
configure:22052: gcc -o conftest    conftest.c  >&5
configure:22055: $? = 0
configure:22057: ./conftest
configure:22060: $? = 0
configure:22074: result: yes
configure:22086: checking whether we are using the GNU C Library 2.1 or newer
configure:22117: result: yes
configure:22148: checking argz.h usability
configure:22160: gcc -c   conftest.c >&5
configure:22166: $? = 0
configure:22170: test -z 
			 || test ! -s conftest.err
configure:22173: $? = 0
configure:22176: test -s conftest.o
configure:22179: $? = 0
configure:22189: result: yes
configure:22193: checking argz.h presence
configure:22203: gcc -E  conftest.c
configure:22209: $? = 0
configure:22229: result: yes
configure:22264: checking for argz.h
configure:22271: result: yes
configure:22148: checking limits.h usability
configure:22160: gcc -c   conftest.c >&5
configure:22166: $? = 0
configure:22170: test -z 
			 || test ! -s conftest.err
configure:22173: $? = 0
configure:22176: test -s conftest.o
configure:22179: $? = 0
configure:22189: result: yes
configure:22193: checking limits.h presence
configure:22203: gcc -E  conftest.c
configure:22209: $? = 0
configure:22229: result: yes
configure:22264: checking for limits.h
configure:22271: result: yes
configure:22148: checking locale.h usability
configure:22160: gcc -c   conftest.c >&5
configure:22166: $? = 0
configure:22170: test -z 
			 || test ! -s conftest.err
configure:22173: $? = 0
configure:22176: test -s conftest.o
configure:22179: $? = 0
configure:22189: result: yes
configure:22193: checking locale.h presence
configure:22203: gcc -E  conftest.c
configure:22209: $? = 0
configure:22229: result: yes
configure:22264: checking for locale.h
configure:22271: result: yes
configure:22148: checking nl_types.h usability
configure:22160: gcc -c   conftest.c >&5
configure:22166: $? = 0
configure:22170: test -z 
			 || test ! -s conftest.err
configure:22173: $? = 0
configure:22176: test -s conftest.o
configure:22179: $? = 0
configure:22189: result: yes
configure:22193: checking nl_types.h presence
configure:22203: gcc -E  conftest.c
configure:22209: $? = 0
configure:22229: result: yes
configure:22264: checking for nl_types.h
configure:22271: result: yes
configure:22148: checking malloc.h usability
configure:22160: gcc -c   conftest.c >&5
configure:22166: $? = 0
configure:22170: test -z 
			 || test ! -s conftest.err
configure:22173: $? = 0
configure:22176: test -s conftest.o
configure:22179: $? = 0
configure:22189: result: yes
configure:22193: checking malloc.h presence
configure:22203: gcc -E  conftest.c
configure:22209: $? = 0
configure:22229: result: yes
configure:22264: checking for malloc.h
configure:22271: result: yes
configure:22148: checking stddef.h usability
configure:22160: gcc -c   conftest.c >&5
configure:22166: $? = 0
configure:22170: test -z 
			 || test ! -s conftest.err
configure:22173: $? = 0
configure:22176: test -s conftest.o
configure:22179: $? = 0
configure:22189: result: yes
configure:22193: checking stddef.h presence
configure:22203: gcc -E  conftest.c
configure:22209: $? = 0
configure:22229: result: yes
configure:22264: checking for stddef.h
configure:22271: result: yes
configure:22139: checking for stdlib.h
configure:22144: result: yes
configure:22139: checking for string.h
configure:22144: result: yes
configure:22139: checking for unistd.h
configure:22144: result: yes
configure:22148: checking sys/param.h usability
configure:22160: gcc -c   conftest.c >&5
configure:22166: $? = 0
configure:22170: test -z 
			 || test ! -s conftest.err
configure:22173: $? = 0
configure:22176: test -s conftest.o
configure:22179: $? = 0
configure:22189: result: yes
configure:22193: checking sys/param.h presence
configure:22203: gcc -E  conftest.c
configure:22209: $? = 0
configure:22229: result: yes
configure:22264: checking for sys/param.h
configure:22271: result: yes
configure:22310: checking for feof_unlocked
configure:22367: gcc -o conftest    conftest.c  >&5
configure:22373: $? = 0
configure:22377: test -z 
			 || test ! -s conftest.err
configure:22380: $? = 0
configure:22383: test -s conftest
configure:22386: $? = 0
configure:22398: result: yes
configure:22310: checking for fgets_unlocked
configure:22367: gcc -o conftest    conftest.c  >&5
configure:22373: $? = 0
configure:22377: test -z 
			 || test ! -s conftest.err
configure:22380: $? = 0
configure:22383: test -s conftest
configure:22386: $? = 0
configure:22398: result: yes
configure:22310: checking for getcwd
configure:22367: gcc -o conftest    conftest.c  >&5
configure:22373: $? = 0
configure:22377: test -z 
			 || test ! -s conftest.err
configure:22380: $? = 0
configure:22383: test -s conftest
configure:22386: $? = 0
configure:22398: result: yes
configure:22310: checking for getegid
configure:22367: gcc -o conftest    conftest.c  >&5
configure:22373: $? = 0
configure:22377: test -z 
			 || test ! -s conftest.err
configure:22380: $? = 0
configure:22383: test -s conftest
configure:22386: $? = 0
configure:22398: result: yes
configure:22310: checking for geteuid
configure:22367: gcc -o conftest    conftest.c  >&5
configure:22373: $? = 0
configure:22377: test -z 
			 || test ! -s conftest.err
configure:22380: $? = 0
configure:22383: test -s conftest
configure:22386: $? = 0
configure:22398: result: yes
configure:22310: checking for getgid
configure:22367: gcc -o conftest    conftest.c  >&5
configure:22373: $? = 0
configure:22377: test -z 
			 || test ! -s conftest.err
configure:22380: $? = 0
configure:22383: test -s conftest
configure:22386: $? = 0
configure:22398: result: yes
configure:22310: checking for getuid
configure:22367: gcc -o conftest    conftest.c  >&5
configure:22373: $? = 0
configure:22377: test -z 
			 || test ! -s conftest.err
configure:22380: $? = 0
configure:22383: test -s conftest
configure:22386: $? = 0
configure:22398: result: yes
configure:22310: checking for mempcpy
configure:22367: gcc -o conftest    conftest.c  >&5
conftest.c:73: warning: conflicting types for built-in function `mempcpy'
configure:22373: $? = 0
configure:22377: test -z 
			 || test ! -s conftest.err
configure:22380: $? = 0
configure:22383: test -s conftest
configure:22386: $? = 0
configure:22398: result: yes
configure:22310: checking for munmap
configure:22367: gcc -o conftest    conftest.c  >&5
configure:22373: $? = 0
configure:22377: test -z 
			 || test ! -s conftest.err
configure:22380: $? = 0
configure:22383: test -s conftest
configure:22386: $? = 0
configure:22398: result: yes
configure:22310: checking for putenv
configure:22367: gcc -o conftest    conftest.c  >&5
configure:22373: $? = 0
configure:22377: test -z 
			 || test ! -s conftest.err
configure:22380: $? = 0
configure:22383: test -s conftest
configure:22386: $? = 0
configure:22398: result: yes
configure:22310: checking for setenv
configure:22367: gcc -o conftest    conftest.c  >&5
configure:22373: $? = 0
configure:22377: test -z 
			 || test ! -s conftest.err
configure:22380: $? = 0
configure:22383: test -s conftest
configure:22386: $? = 0
configure:22398: result: yes
configure:22310: checking for setlocale
configure:22367: gcc -o conftest    conftest.c  >&5
configure:22373: $? = 0
configure:22377: test -z 
			 || test ! -s conftest.err
configure:22380: $? = 0
configure:22383: test -s conftest
configure:22386: $? = 0
configure:22398: result: yes
configure:22310: checking for stpcpy
configure:22367: gcc -o conftest    conftest.c  >&5
conftest.c:78: warning: conflicting types for built-in function `stpcpy'
configure:22373: $? = 0
configure:22377: test -z 
			 || test ! -s conftest.err
configure:22380: $? = 0
configure:22383: test -s conftest
configure:22386: $? = 0
configure:22398: result: yes
configure:22310: checking for strchr
configure:22367: gcc -o conftest    conftest.c  >&5
conftest.c:79: warning: conflicting types for built-in function `strchr'
configure:22373: $? = 0
configure:22377: test -z 
			 || test ! -s conftest.err
configure:22380: $? = 0
configure:22383: test -s conftest
configure:22386: $? = 0
configure:22398: result: yes
configure:22310: checking for strcasecmp
configure:22367: gcc -o conftest    conftest.c  >&5
configure:22373: $? = 0
configure:22377: test -z 
			 || test ! -s conftest.err
configure:22380: $? = 0
configure:22383: test -s conftest
configure:22386: $? = 0
configure:22398: result: yes
configure:22310: checking for strdup
configure:22367: gcc -o conftest    conftest.c  >&5
configure:22373: $? = 0
configure:22377: test -z 
			 || test ! -s conftest.err
configure:22380: $? = 0
configure:22383: test -s conftest
configure:22386: $? = 0
configure:22398: result: yes
configure:22310: checking for strtoul
configure:22367: gcc -o conftest    conftest.c  >&5
configure:22373: $? = 0
configure:22377: test -z 
			 || test ! -s conftest.err
configure:22380: $? = 0
configure:22383: test -s conftest
configure:22386: $? = 0
configure:22398: result: yes
configure:22310: checking for tsearch
configure:22367: gcc -o conftest    conftest.c  >&5
configure:22373: $? = 0
configure:22377: test -z 
			 || test ! -s conftest.err
configure:22380: $? = 0
configure:22383: test -s conftest
configure:22386: $? = 0
configure:22398: result: yes
configure:22310: checking for __argz_count
configure:22367: gcc -o conftest    conftest.c  >&5
configure:22373: $? = 0
configure:22377: test -z 
			 || test ! -s conftest.err
configure:22380: $? = 0
configure:22383: test -s conftest
configure:22386: $? = 0
configure:22398: result: yes
configure:22310: checking for __argz_stringify
configure:22367: gcc -o conftest    conftest.c  >&5
configure:22373: $? = 0
configure:22377: test -z 
			 || test ! -s conftest.err
configure:22380: $? = 0
configure:22383: test -s conftest
configure:22386: $? = 0
configure:22398: result: yes
configure:22310: checking for __argz_next
configure:22367: gcc -o conftest    conftest.c  >&5
configure:22373: $? = 0
configure:22377: test -z 
			 || test ! -s conftest.err
configure:22380: $? = 0
configure:22383: test -s conftest
configure:22386: $? = 0
configure:22398: result: yes
configure:22423: checking for iconv
configure:22450: gcc -o conftest    conftest.c  >&5
configure:22456: $? = 0
configure:22460: test -z 
			 || test ! -s conftest.err
configure:22463: $? = 0
configure:22466: test -s conftest
configure:22469: $? = 0
configure:22535: result: yes
configure:22543: checking for iconv declaration
configure:22577: gcc -c   conftest.c >&5
configure:22583: $? = 0
configure:22587: test -z 
			 || test ! -s conftest.err
configure:22590: $? = 0
configure:22593: test -s conftest.o
configure:22596: $? = 0
configure:22611: result: 
         extern size_t iconv (iconv_t cd, char * *inbuf, size_t *inbytesleft, char * *outbuf, size_t *outbytesleft);
configure:22627: checking for nl_langinfo and CODESET
configure:22648: gcc -o conftest    conftest.c  >&5
configure:22654: $? = 0
configure:22658: test -z 
			 || test ! -s conftest.err
configure:22661: $? = 0
configure:22664: test -s conftest
configure:22667: $? = 0
configure:22680: result: yes
configure:22691: checking for LC_MESSAGES
configure:22712: gcc -o conftest    conftest.c  >&5
configure:22718: $? = 0
configure:22722: test -z 
			 || test ! -s conftest.err
configure:22725: $? = 0
configure:22728: test -s conftest
configure:22731: $? = 0
configure:22743: result: yes
configure:22753: checking whether NLS is requested
configure:22762: result: yes
configure:22776: checking whether included gettext is requested
configure:22786: result: no
configure:22806: checking libintl.h usability
configure:22818: gcc -c   conftest.c >&5
configure:22824: $? = 0
configure:22828: test -z 
			 || test ! -s conftest.err
configure:22831: $? = 0
configure:22834: test -s conftest.o
configure:22837: $? = 0
configure:22847: result: yes
configure:22851: checking libintl.h presence
configure:22861: gcc -E  conftest.c
configure:22867: $? = 0
configure:22887: result: yes
configure:22922: checking for libintl.h
configure:22929: result: yes
configure:22934: checking for GNU gettext in libc
configure:22957: gcc -o conftest    conftest.c  >&5
configure:22963: $? = 0
configure:22967: test -z 
			 || test ! -s conftest.err
configure:22970: $? = 0
configure:22973: test -s conftest
configure:22976: $? = 0
configure:22988: result: yes
configure:23072: checking for dcgettext
configure:23129: gcc -o conftest    conftest.c   >&5
configure:23135: $? = 0
configure:23139: test -z 
			 || test ! -s conftest.err
configure:23142: $? = 0
configure:23145: test -s conftest
configure:23148: $? = 0
configure:23160: result: yes
configure:23174: checking for msgfmt
configure:23201: result: /usr/bin/msgfmt
configure:23210: checking for gmsgfmt
configure:23241: result: /usr/bin/msgfmt
configure:23251: checking for xgettext
configure:23278: result: /usr/bin/xgettext
configure:23454: checking for bison
configure:23470: found /usr/bin/bison
configure:23480: result: bison
configure:23493: checking version of bison
configure:23502: result: 1.875, ok
configure:23793: creating ./config.status

## ---------------------- ##
## Running config.status. ##
## ---------------------- ##

This file was extended by config.status, which was
generated by GNU Autoconf 2.59.  Invocation command line was

  CONFIG_FILES    = 
  CONFIG_HEADERS  = 
  CONFIG_LINKS    = 
  CONFIG_COMMANDS = 
  $ ./config.status 

on pto1111

config.status:750: creating Makefile
config.status:750: creating intl/Makefile
config.status:750: creating po/Makefile.in
config.status:750: creating src/Makefile
config.status:854: creating config.h
config.status:1264: executing depfiles commands
config.status:1264: executing default-1 commands

## ---------------- ##
## Cache variables. ##
## ---------------- ##

ac_cv_build=i686-redhat-linux-gnu
ac_cv_build_alias=i686-redhat-linux-gnu
ac_cv_c_compiler_gnu=yes
ac_cv_c_const=yes
ac_cv_c_inline=inline
ac_cv_cxx_compiler_gnu=yes
ac_cv_env_CC_set=
ac_cv_env_CC_value=
ac_cv_env_CFLAGS_set=
ac_cv_env_CFLAGS_value=
ac_cv_env_CPPFLAGS_set=
ac_cv_env_CPPFLAGS_value=
ac_cv_env_CPP_set=
ac_cv_env_CPP_value=
ac_cv_env_CXXCPP_set=
ac_cv_env_CXXCPP_value=
ac_cv_env_CXXFLAGS_set=
ac_cv_env_CXXFLAGS_value=
ac_cv_env_CXX_set=
ac_cv_env_CXX_value=
ac_cv_env_F77_set=
ac_cv_env_F77_value=
ac_cv_env_FFLAGS_set=
ac_cv_env_FFLAGS_value=
ac_cv_env_LDFLAGS_set=
ac_cv_env_LDFLAGS_value=
ac_cv_env_build_alias_set=
ac_cv_env_build_alias_value=
ac_cv_env_host_alias_set=
ac_cv_env_host_alias_value=
ac_cv_env_target_alias_set=
ac_cv_env_target_alias_value=
ac_cv_exeext=
ac_cv_f77_compiler_gnu=yes
ac_cv_func___argz_count=yes
ac_cv_func___argz_next=yes
ac_cv_func___argz_stringify=yes
ac_cv_func_alloca_works=yes
ac_cv_func_dcgettext=yes
ac_cv_func_feof_unlocked=yes
ac_cv_func_fgets_unlocked=yes
ac_cv_func_getcwd=yes
ac_cv_func_getegid=yes
ac_cv_func_geteuid=yes
ac_cv_func_getgid=yes
ac_cv_func_getpagesize=yes
ac_cv_func_getuid=yes
ac_cv_func_mempcpy=yes
ac_cv_func_mmap_fixed_mapped=yes
ac_cv_func_munmap=yes
ac_cv_func_putenv=yes
ac_cv_func_setenv=yes
ac_cv_func_setlocale=yes
ac_cv_func_stpcpy=yes
ac_cv_func_strcasecmp=yes
ac_cv_func_strchr=yes
ac_cv_func_strdup=yes
ac_cv_func_strtoul=yes
ac_cv_func_tsearch=yes
ac_cv_gnu_library_2_1=yes
ac_cv_header_argz_h=yes
ac_cv_header_dlfcn_h=yes
ac_cv_header_inttypes_h=yes
ac_cv_header_libintl_h=yes
ac_cv_header_limits_h=yes
ac_cv_header_locale_h=yes
ac_cv_header_malloc_h=yes
ac_cv_header_memory_h=yes
ac_cv_header_nl_types_h=yes
ac_cv_header_stdc=yes
ac_cv_header_stddef_h=yes
ac_cv_header_stdint_h=yes
ac_cv_header_stdlib_h=yes
ac_cv_header_string_h=yes
ac_cv_header_strings_h=yes
ac_cv_header_sys_param_h=yes
ac_cv_header_sys_stat_h=yes
ac_cv_header_sys_types_h=yes
ac_cv_header_unistd_h=yes
ac_cv_host=i686-redhat-linux-gnu
ac_cv_host_alias=i686-redhat-linux-gnu
ac_cv_objext=o
ac_cv_path_GMSGFMT=/usr/bin/msgfmt
ac_cv_path_MSGFMT=/usr/bin/msgfmt
ac_cv_path_XGETTEXT=/usr/bin/xgettext
ac_cv_path_install='/usr/bin/install -c'
ac_cv_prog_AWK=gawk
ac_cv_prog_CPP='gcc -E'
ac_cv_prog_CXXCPP='g++ -E'
ac_cv_prog_INTLBISON=bison
ac_cv_prog_ac_ct_AR=ar
ac_cv_prog_ac_ct_CC=gcc
ac_cv_prog_ac_ct_CXX=g++
ac_cv_prog_ac_ct_F77=g77
ac_cv_prog_ac_ct_RANLIB=ranlib
ac_cv_prog_ac_ct_STRIP=strip
ac_cv_prog_cc_g=yes
ac_cv_prog_cc_stdc=
ac_cv_prog_cxx_g=yes
ac_cv_prog_egrep='grep -E'
ac_cv_prog_f77_g=yes
ac_cv_prog_make_make_set=yes
ac_cv_search_strerror='none required'
ac_cv_type_off_t=yes
ac_cv_type_size_t=yes
ac_cv_working_alloca_h=yes
am_cv_CC_dependencies_compiler_type=gcc3
am_cv_CXX_dependencies_compiler_type=gcc3
am_cv_func_iconv=yes
am_cv_langinfo_codeset=yes
am_cv_lib_iconv=no
am_cv_prog_cc_stdc=
am_cv_proto_iconv='extern size_t iconv (iconv_t cd, char * *inbuf, size_t *inbytesleft, char * *outbuf, size_t *outbytesleft);'
am_cv_proto_iconv_arg1=
am_cv_val_LC_MESSAGES=yes
gt_cv_func_gnugettext1_libc=yes
lt_cv_deplibs_check_method=pass_all
lt_cv_file_magic_cmd='$MAGIC_CMD'
lt_cv_file_magic_test_file='/lib/libc.so.6 /lib/libc-2.3.3.so'
lt_cv_ld_reload_flag=-r
lt_cv_objdir=.libs
lt_cv_path_LD=/usr/bin/ld
lt_cv_path_LDCXX=/usr/bin/ld
lt_cv_path_NM='/usr/bin/nm -B'
lt_cv_path_SED=/bin/sed
lt_cv_prog_compiler_c_o=yes
lt_cv_prog_compiler_c_o_CXX=yes
lt_cv_prog_compiler_c_o_F77=yes
lt_cv_prog_compiler_rtti_exceptions=no
lt_cv_prog_gnu_ld=yes
lt_cv_prog_gnu_ldcxx=yes
lt_cv_sys_global_symbol_pipe='sed -n -e '\''s/^.*[ 	]\([ABCDGIRSTW][ABCDGIRSTW]*\)[ 	][ 	]*\(\)\([_A-Za-z][_A-Za-z0-9]*\)$/\1 \2\3 \3/p'\'''
lt_cv_sys_global_symbol_to_c_name_address='sed -n -e '\''s/^: \([^ ]*\) $/  {\"\1\", (lt_ptr) 0},/p'\'' -e '\''s/^[BCDEGRST] \([^ ]*\) \([^ ]*\)$/  {"\2", (lt_ptr) \&\2},/p'\'''
lt_cv_sys_global_symbol_to_cdecl='sed -n -e '\''s/^. .* \(.*\)$/extern int \1;/p'\'''
lt_cv_sys_max_cmd_len=32768
lt_lt_cv_prog_compiler_c_o='"yes"'
lt_lt_cv_prog_compiler_c_o_CXX='"yes"'
lt_lt_cv_prog_compiler_c_o_F77='"yes"'
lt_lt_cv_sys_global_symbol_pipe='"sed -n -e '\''s/^.*[ 	]\\([ABCDGIRSTW][ABCDGIRSTW]*\\)[ 	][ 	]*\\(\\)\\([_A-Za-z][_A-Za-z0-9]*\\)\$/\\1 \\2\\3 \\3/p'\''"'
lt_lt_cv_sys_global_symbol_to_c_name_address='"sed -n -e '\''s/^: \\([^ ]*\\) \$/  {\\\"\\1\\\", (lt_ptr) 0},/p'\'' -e '\''s/^[BCDEGRST] \\([^ ]*\\) \\([^ ]*\\)\$/  {\"\\2\", (lt_ptr) \\&\\2},/p'\''"'
lt_lt_cv_sys_global_symbol_to_cdecl='"sed -n -e '\''s/^. .* \\(.*\\)\$/extern int \\1;/p'\''"'
nls_cv_force_use_gnu_gettext=no
nls_cv_header_intl=
nls_cv_header_libgt=
nls_cv_use_gnu_gettext=no

## ----------------- ##
## Output variables. ##
## ----------------- ##

ACLOCAL='${SHELL} /home/cuentas/50119517/modulos/plugin_nulo_gtk/missing --run aclocal-1.8'
ALLOCA=''
AMDEPBACKSLASH='\'
AMDEP_FALSE='#'
AMDEP_TRUE=''
AMTAR='${SHELL} /home/cuentas/50119517/modulos/plugin_nulo_gtk/missing --run tar'
AR='ar'
AUTOCONF='${SHELL} /home/cuentas/50119517/modulos/plugin_nulo_gtk/missing --run autoconf'
AUTOHEADER='${SHELL} /home/cuentas/50119517/modulos/plugin_nulo_gtk/missing --run autoheader'
AUTOMAKE='${SHELL} /home/cuentas/50119517/modulos/plugin_nulo_gtk/missing --run automake-1.8'
AWK='gawk'
BUILD_INCLUDED_LIBINTL='no'
CATALOGS=''
CATOBJEXT='.gmo'
CC='gcc'
CCDEPMODE='depmode=gcc3'
CFLAGS=''
CPP='gcc -E'
CPPFLAGS=''
CXX='g++'
CXXCPP='g++ -E'
CXXDEPMODE='depmode=gcc3'
CXXFLAGS='-g -O2'
CYGPATH_W='echo'
DATADIRNAME='share'
DEFS='-DHAVE_CONFIG_H'
DEPDIR='.deps'
ECHO='echo'
ECHO_C=''
ECHO_N='-n'
ECHO_T=''
EGREP='grep -E'
EXEEXT=''
F77='g77'
FFLAGS='-g -O2'
GENCAT='gencat'
GETTEXT_PACKAGE='plugin_nulo_gtk'
GLIBC21='yes'
GMOFILES=''
GMSGFMT='/usr/bin/msgfmt'
INSTALL_DATA='${INSTALL} -m 644'
INSTALL_PROGRAM='${INSTALL}'
INSTALL_SCRIPT='${INSTALL}'
INSTALL_STRIP_PROGRAM='${SHELL} $(install_sh) -c -s'
INSTOBJEXT='.mo'
INTLBISON='bison'
INTLLIBS=''
INTLOBJS=''
INTL_LIBTOOL_SUFFIX_PREFIX=''
LDFLAGS=''
LIBICONV=''
LIBOBJS=''
LIBS=''
LIBTOOL='$(SHELL) $(top_builddir)/libtool'
LN_S='ln -s'
LTLIBOBJS=''
MAKEINFO='${SHELL} /home/cuentas/50119517/modulos/plugin_nulo_gtk/missing --run makeinfo'
MKINSTALLDIRS='./mkinstalldirs'
MSGFMT='/usr/bin/msgfmt'
NO_PREFIX_PACKAGE_DATA_DIR='share'
NO_PREFIX_PACKAGE_DOC_DIR='doc/plugin_nulo_gtk'
NO_PREFIX_PACKAGE_HELP_DIR='share/help'
NO_PREFIX_PACKAGE_MENU_DIR='share'
NO_PREFIX_PACKAGE_PIXMAPS_DIR='share/pixmaps'
OBJEXT='o'
PACKAGE='plugin_nulo_gtk'
PACKAGE_BUGREPORT=''
PACKAGE_DATA_DIR='/usr/local/share'
PACKAGE_DOC_DIR='/usr/local/doc/plugin_nulo_gtk'
PACKAGE_HELP_DIR='/usr/local/share/help'
PACKAGE_MENU_DIR='/usr/local/share'
PACKAGE_NAME=''
PACKAGE_PIXMAPS_DIR='/usr/local/share/pixmaps'
PACKAGE_STRING=''
PACKAGE_TARNAME=''
PACKAGE_VERSION=''
PATH_SEPARATOR=':'
POFILES=''
POSUB='po'
RANLIB='ranlib'
SET_MAKE=''
SHELL='/bin/sh'
STRIP='strip'
USE_INCLUDED_LIBINTL='no'
USE_NLS='yes'
VERSION='0.1'
XGETTEXT='/usr/bin/xgettext'
ac_ct_AR='ar'
ac_ct_CC='gcc'
ac_ct_CXX='g++'
ac_ct_F77='g77'
ac_ct_RANLIB='ranlib'
ac_ct_STRIP='strip'
am__fastdepCC_FALSE='#'
am__fastdepCC_TRUE=''
am__fastdepCXX_FALSE='#'
am__fastdepCXX_TRUE=''
am__include='include'
am__leading_dot='.'
am__quote=''
bindir='${exec_prefix}/bin'
build='i686-redhat-linux-gnu'
build_alias=''
build_cpu='i686'
build_os='linux-gnu'
build_vendor='redhat'
datadir='${prefix}/share'
exec_prefix='${prefix}'
host='i686-redhat-linux-gnu'
host_alias=''
host_cpu='i686'
host_os='linux-gnu'
host_vendor='redhat'
includedir='${prefix}/include'
infodir='${prefix}/info'
install_sh='/home/cuentas/50119517/modulos/plugin_nulo_gtk/install-sh'
libdir='${exec_prefix}/lib'
libexecdir='${exec_prefix}/libexec'
localstatedir='${prefix}/var'
mandir='${prefix}/man'
mkdir_p='mkdir -p -- .'
oldincludedir='/usr/include'
prefix='/usr/local'
program_transform_name='s,x,x,'
sbindir='${exec_prefix}/sbin'
sharedstatedir='${prefix}/com'
sysconfdir='${prefix}/etc'
target_alias=''

## ----------- ##
## confdefs.h. ##
## ----------- ##

#define ENABLE_NLS 1
#define GETTEXT_PACKAGE "plugin_nulo_gtk"
#define HAVE_ALLOCA 1
#define HAVE_ALLOCA_H 1
#define HAVE_ARGZ_H 1
#define HAVE_DCGETTEXT 1
#define HAVE_DLFCN_H 1
#define HAVE_FEOF_UNLOCKED 1
#define HAVE_FGETS_UNLOCKED 1
#define HAVE_GETCWD 1
#define HAVE_GETEGID 1
#define HAVE_GETEUID 1
#define HAVE_GETGID 1
#define HAVE_GETPAGESIZE 1
#define HAVE_GETTEXT 1
#define HAVE_GETUID 1
#define HAVE_ICONV 1
#define HAVE_INTTYPES_H 1
#define HAVE_LANGINFO_CODESET 1
#define HAVE_LC_MESSAGES 1
#define HAVE_LIMITS_H 1
#define HAVE_LOCALE_H 1
#define HAVE_MALLOC_H 1
#define HAVE_MEMORY_H 1
#define HAVE_MEMPCPY 1
#define HAVE_MMAP 1
#define HAVE_MUNMAP 1
#define HAVE_NL_TYPES_H 1
#define HAVE_PUTENV 1
#define HAVE_SETENV 1
#define HAVE_SETLOCALE 1
#define HAVE_STDDEF_H 1
#define HAVE_STDINT_H 1
#define HAVE_STDLIB_H 1
#define HAVE_STDLIB_H 1
#define HAVE_STDLIB_H 1
#define HAVE_STPCPY 1
#define HAVE_STRCASECMP 1
#define HAVE_STRCHR 1
#define HAVE_STRDUP 1
#define HAVE_STRINGS_H 1
#define HAVE_STRING_H 1
#define HAVE_STRING_H 1
#define HAVE_STRTOUL 1
#define HAVE_SYS_PARAM_H 1
#define HAVE_SYS_STAT_H 1
#define HAVE_SYS_TYPES_H 1
#define HAVE_TSEARCH 1
#define HAVE_UNISTD_H 1
#define HAVE_UNISTD_H 1
#define HAVE_UNISTD_H 1
#define HAVE___ARGZ_COUNT 1
#define HAVE___ARGZ_NEXT 1
#define HAVE___ARGZ_STRINGIFY 1
#define ICONV_CONST 
#define PACKAGE "plugin_nulo_gtk"
#define PACKAGE_BUGREPORT ""
#define PACKAGE_DATA_DIR "/usr/local/share"
#define PACKAGE_DOC_DIR "/usr/local/doc/plugin_nulo_gtk"
#define PACKAGE_HELP_DIR "/usr/local/share/help"
#define PACKAGE_LOCALE_DIR "/usr/local/share/locale"
#define PACKAGE_MENU_DIR "/usr/local/share"
#define PACKAGE_NAME ""
#define PACKAGE_PIXMAPS_DIR "/usr/local/share/pixmaps"
#define PACKAGE_SOURCE_DIR "/home/cuentas/50119517/modulos/plugin_nulo_gtk"
#define PACKAGE_STRING ""
#define PACKAGE_TARNAME ""
#define PACKAGE_VERSION ""
#define STDC_HEADERS 1
#define VERSION "0.1"
#endif
#ifdef __cplusplus
extern "C" void std::exit (int) throw (); using std::exit;

configure: exit 0

## ---------------------- ##
## Running config.status. ##
## ---------------------- ##

This file was extended by config.status, which was
generated by GNU Autoconf 2.59.  Invocation command line was

  CONFIG_FILES    = 
  CONFIG_HEADERS  = 
  CONFIG_LINKS    = 
  CONFIG_COMMANDS = 
  $ ./config.status config.h

on pto1111

config.status:854: creating config.h
config.status:1084: config.h is unchanged
